<?xml version="1.0" encoding="UTF-8"?>
<!-- Generated by org.testng.reporters.JUnitXMLReporter -->
<testsuite hostname="DESKTOP-V6OCEE7" failures="0" tests="4" name="Test" time="58.395" errors="0" timestamp="13 Jun 2019 17:13:31 GMT">
  <testcase classname="mypackage.ValidatingTitle" name="basePageNavigation" time="0.192"/>
  <testcase classname="mypackage.ValidateNavBar" name="basePageNavigation" time="0.134"/>
  <testcase classname="mypackage.HomePage" name="basePageNavigation" time="13.027"/>
  <testcase classname="mypackage.HomePage" name="basePageNavigation" time="12.728"/>
</testsuite> <!-- Test -->
