<?xml version="1.0" encoding="UTF-8"?>
<testng-results total="4" passed="4" failed="0" skipped="0">
  <reporter-output>
  </reporter-output>
  <suite started-at="2019-06-13T17:12:33Z" name="Suite" finished-at="2019-06-13T17:13:31Z" duration-ms="58395">
    <groups>
    </groups>
    <test started-at="2019-06-13T17:12:33Z" name="Test" finished-at="2019-06-13T17:13:31Z" duration-ms="58395">
      <class name="mypackage.HomePage">
        <test-method is-config="true" signature="Initialize()[pri:0, instance:mypackage.HomePage@2fc6f97f]" started-at="2019-06-13T13:12:33Z" name="Initialize" finished-at="2019-06-13T13:12:37Z" duration-ms="3556" status="PASS">
          <reporter-output>
          </reporter-output>
        </test-method> <!-- Initialize -->
        <test-method is-config="true" signature="Initialize()[pri:0, instance:mypackage.ValidateNavBar@6bbe2511]" started-at="2019-06-13T13:12:37Z" name="Initialize" finished-at="2019-06-13T13:12:48Z" duration-ms="11906" status="PASS">
          <reporter-output>
          </reporter-output>
        </test-method> <!-- Initialize -->
        <test-method is-config="true" signature="Initialize()[pri:0, instance:mypackage.ValidatingTitle@66565121]" started-at="2019-06-13T13:12:48Z" name="Initialize" finished-at="2019-06-13T13:13:01Z" duration-ms="12250" status="PASS">
          <reporter-output>
          </reporter-output>
        </test-method> <!-- Initialize -->
        <test-method signature="basePageNavigation(java.lang.String, java.lang.String)[pri:0, instance:mypackage.HomePage@2fc6f97f]" started-at="2019-06-13T13:13:01Z" name="basePageNavigation" data-provider="getData" finished-at="2019-06-13T13:13:14Z" duration-ms="13027" status="PASS">
          <params>
            <param index="0">
              <value>
                <![CDATA[nonrestrictrduser@qa.com]]>
              </value>
            </param>
            <param index="1">
              <value>
                <![CDATA[12345]]>
              </value>
            </param>
          </params>
          <reporter-output>
          </reporter-output>
        </test-method> <!-- basePageNavigation -->
        <test-method signature="basePageNavigation(java.lang.String, java.lang.String)[pri:0, instance:mypackage.HomePage@2fc6f97f]" started-at="2019-06-13T13:13:14Z" name="basePageNavigation" data-provider="getData" finished-at="2019-06-13T13:13:27Z" duration-ms="12728" status="PASS">
          <params>
            <param index="0">
              <value>
                <![CDATA[restrictrduser@qa.com]]>
              </value>
            </param>
            <param index="1">
              <value>
                <![CDATA[12345]]>
              </value>
            </param>
          </params>
          <reporter-output>
          </reporter-output>
        </test-method> <!-- basePageNavigation -->
        <test-method is-config="true" signature="teardown()[pri:0, instance:mypackage.HomePage@2fc6f97f]" started-at="2019-06-13T13:13:27Z" name="teardown" finished-at="2019-06-13T13:13:27Z" duration-ms="126" status="PASS">
          <reporter-output>
          </reporter-output>
        </test-method> <!-- teardown -->
        <test-method is-config="true" signature="teardown()[pri:0, instance:mypackage.ValidateNavBar@6bbe2511]" started-at="2019-06-13T13:13:27Z" name="teardown" finished-at="2019-06-13T13:13:29Z" duration-ms="2332" status="PASS">
          <reporter-output>
          </reporter-output>
        </test-method> <!-- teardown -->
        <test-method is-config="true" signature="teardown()[pri:0, instance:mypackage.ValidatingTitle@66565121]" started-at="2019-06-13T13:13:29Z" name="teardown" finished-at="2019-06-13T13:13:31Z" duration-ms="2100" status="PASS">
          <reporter-output>
          </reporter-output>
        </test-method> <!-- teardown -->
      </class> <!-- mypackage.HomePage -->
      <class name="mypackage.ValidateNavBar">
        <test-method signature="basePageNavigation()[pri:0, instance:mypackage.ValidateNavBar@6bbe2511]" started-at="2019-06-13T13:13:01Z" name="basePageNavigation" finished-at="2019-06-13T13:13:01Z" duration-ms="134" status="PASS">
          <reporter-output>
          </reporter-output>
        </test-method> <!-- basePageNavigation -->
      </class> <!-- mypackage.ValidateNavBar -->
      <class name="mypackage.ValidatingTitle">
        <test-method signature="basePageNavigation()[pri:0, instance:mypackage.ValidatingTitle@66565121]" started-at="2019-06-13T13:13:01Z" name="basePageNavigation" finished-at="2019-06-13T13:13:01Z" duration-ms="192" status="PASS">
          <reporter-output>
          </reporter-output>
        </test-method> <!-- basePageNavigation -->
      </class> <!-- mypackage.ValidatingTitle -->
    </test> <!-- Test -->
  </suite> <!-- Suite -->
</testng-results>
